<?xml version="1.0" encoding="UTF-8"?>
<!-- Generated by org.testng.reporters.JUnitReportReporter -->
<testsuite hostname="DESKTOP-O4G2OQC" name="testcases.Data_Validation_Test1" tests="1" failures="1" timestamp="8 Nov 2016 07:36:05 GMT" time="0.002" errors="0">
  <testcase name="testDataValidation" time="0.002" classname="testcases.Data_Validation_Test1">
    <failure type="org.openqa.selenium.WebDriverException" message="Failed to connect to binary FirefoxBinary(C:\Program Files (x86)\Mozilla Firefox\firefox.exe) on port 7055; process output follows: 
can of {972ce4c6-7e08-4474-a285-3208198ce6fd}
1478590520088	DeferredSave.extensions.json	DEBUG	Save changes
1478590520089	addons.xpi	DEBUG	Updating database with changes to installed add-ons
1478590520089	addons.xpi-utils	DEBUG	Updating add-on states
1478590520090	addons.xpi-utils	DEBUG	Writing add-ons list
1478590520094	addons.xpi	DEBUG	Registering manifest for C:\Program Files (x86)\Mozilla Firefox\browser\features\e10srollout@mozilla.org.xpi
1478590520095	addons.xpi	DEBUG	Calling bootstrap method startup on e10srollout@mozilla.org version 1.3
1478590520095	addons.xpi	DEBUG	Registering manifest for C:\Program Files (x86)\Mozilla Firefox\browser\features\firefox@getpocket.com.xpi
1478590520096	addons.xpi	DEBUG	Calling bootstrap method startup on firefox@getpocket.com version 1.0.4
1478590520097	addons.xpi	DEBUG	Registering manifest for C:\Program Files (x86)\Mozilla Firefox\browser\features\webcompat@mozilla.org.xpi
1478590520098	addons.xpi	DEBUG	Calling bootstrap method startup on webcompat@mozilla.org version 1.0
1478590520100	addons.manager	DEBUG	Registering shutdown blocker for XPIProvider
1478590520100	addons.manager	DEBUG	Provider finished startup: XPIProvider
1478590520100	addons.manager	DEBUG	Starting provider: LightweightThemeManager
1478590520100	addons.manager	DEBUG	Registering shutdown blocker for LightweightThemeManager
1478590520101	addons.manager	DEBUG	Provider finished startup: LightweightThemeManager
1478590520101	addons.manager	DEBUG	Starting provider: GMPProvider
1478590520109	addons.manager	DEBUG	Registering shutdown blocker for GMPProvider
1478590520109	addons.manager	DEBUG	Provider finished startup: GMPProvider
1478590520109	addons.manager	DEBUG	Starting provider: PluginProvider
1478590520110	addons.manager	DEBUG	Registering shutdown blocker for PluginProvider
1478590520110	addons.manager	DEBUG	Provider finished startup: PluginProvider
1478590520110	addons.manager	DEBUG	Completed startup sequence
1478590522106	DeferredSave.extensions.json	DEBUG	Starting write
1478590522117	addons.manager	DEBUG	Starting provider: &lt;unnamed-provider&gt;
1478590522118	addons.manager	DEBUG	Registering shutdown blocker for &lt;unnamed-provider&gt;
1478590522118	addons.manager	DEBUG	Provider finished startup: &lt;unnamed-provider&gt;
1478590522334	addons.repository	DEBUG	No addons.json found.
1478590522334	DeferredSave.addons.json	DEBUG	Save changes
1478590522339	DeferredSave.addons.json	DEBUG	Starting timer
1478590522382	addons.manager	DEBUG	Starting provider: PreviousExperimentProvider
1478590522383	addons.manager	DEBUG	Registering shutdown blocker for PreviousExperimentProvider
1478590522384	addons.manager	DEBUG	Provider finished startup: PreviousExperimentProvider
1478590522386	DeferredSave.extensions.json	DEBUG	Write succeeded
1478590522388	addons.xpi-utils	DEBUG	XPI Database saved, setting schema version preference to 17
1478590522392	DeferredSave.addons.json	DEBUG	Starting write
1478590522417	DeferredSave.addons.json	DEBUG	Write succeeded
1478590530697	addons.xpi	DEBUG	Calling bootstrap method shutdown on e10srollout@mozilla.org version 1.3
1478590530698	addons.xpi	DEBUG	Calling bootstrap method shutdown on firefox@getpocket.com version 1.0.4
1478590530699	addons.xpi	DEBUG	Calling bootstrap method shutdown on webcompat@mozilla.org version 1.0
1478590531009	addons.manager	DEBUG	shutdown
1478590531009	addons.manager	DEBUG	Calling shutdown blocker for XPIProvider
1478590531009	addons.xpi	DEBUG	shutdown
1478590531009	addons.xpi-utils	DEBUG	shutdown
1478590531010	addons.manager	DEBUG	Calling shutdown blocker for LightweightThemeManager
1478590531011	addons.manager	DEBUG	Calling shutdown blocker for GMPProvider
1478590531014	addons.manager	DEBUG	Calling shutdown blocker for PluginProvider
1478590531015	addons.manager	DEBUG	Calling shutdown blocker for &lt;unnamed-provider&gt;
1478590531017	addons.manager	DEBUG	Calling shutdown blocker for PreviousExperimentProvider
1478590531020	addons.xpi	DEBUG	Notifying XPI shutdown observers
1478590531023	addons.manager	DEBUG	Async provider shutdown done

Build info: version: &#039;2.53.1&#039;, revision: &#039;a36b8b1cd5757287168e54b817830adce9b0158d&#039;, time: &#039;2016-06-30 19:26:09&#039;
System info: host: &#039;DESKTOP-O4G2OQC&#039;, ip: &#039;192.168.1.57&#039;, os.name: &#039;Windows 10&#039;, os.arch: &#039;amd64&#039;, os.version: &#039;10.0&#039;, java.version: &#039;1.8.0_101&#039;
Driver info: driver.version: FirefoxDriver">
      <![CDATA[org.openqa.selenium.WebDriverException: Failed to connect to binary FirefoxBinary(C:\Program Files (x86)\Mozilla Firefox\firefox.exe) on port 7055; process output follows: 
can of {972ce4c6-7e08-4474-a285-3208198ce6fd}
1478590520088	DeferredSave.extensions.json	DEBUG	Save changes
1478590520089	addons.xpi	DEBUG	Updating database with changes to installed add-ons
1478590520089	addons.xpi-utils	DEBUG	Updating add-on states
1478590520090	addons.xpi-utils	DEBUG	Writing add-ons list
1478590520094	addons.xpi	DEBUG	Registering manifest for C:\Program Files (x86)\Mozilla Firefox\browser\features\e10srollout@mozilla.org.xpi
1478590520095	addons.xpi	DEBUG	Calling bootstrap method startup on e10srollout@mozilla.org version 1.3
1478590520095	addons.xpi	DEBUG	Registering manifest for C:\Program Files (x86)\Mozilla Firefox\browser\features\firefox@getpocket.com.xpi
1478590520096	addons.xpi	DEBUG	Calling bootstrap method startup on firefox@getpocket.com version 1.0.4
1478590520097	addons.xpi	DEBUG	Registering manifest for C:\Program Files (x86)\Mozilla Firefox\browser\features\webcompat@mozilla.org.xpi
1478590520098	addons.xpi	DEBUG	Calling bootstrap method startup on webcompat@mozilla.org version 1.0
1478590520100	addons.manager	DEBUG	Registering shutdown blocker for XPIProvider
1478590520100	addons.manager	DEBUG	Provider finished startup: XPIProvider
1478590520100	addons.manager	DEBUG	Starting provider: LightweightThemeManager
1478590520100	addons.manager	DEBUG	Registering shutdown blocker for LightweightThemeManager
1478590520101	addons.manager	DEBUG	Provider finished startup: LightweightThemeManager
1478590520101	addons.manager	DEBUG	Starting provider: GMPProvider
1478590520109	addons.manager	DEBUG	Registering shutdown blocker for GMPProvider
1478590520109	addons.manager	DEBUG	Provider finished startup: GMPProvider
1478590520109	addons.manager	DEBUG	Starting provider: PluginProvider
1478590520110	addons.manager	DEBUG	Registering shutdown blocker for PluginProvider
1478590520110	addons.manager	DEBUG	Provider finished startup: PluginProvider
1478590520110	addons.manager	DEBUG	Completed startup sequence
1478590522106	DeferredSave.extensions.json	DEBUG	Starting write
1478590522117	addons.manager	DEBUG	Starting provider: <unnamed-provider>
1478590522118	addons.manager	DEBUG	Registering shutdown blocker for <unnamed-provider>
1478590522118	addons.manager	DEBUG	Provider finished startup: <unnamed-provider>
1478590522334	addons.repository	DEBUG	No addons.json found.
1478590522334	DeferredSave.addons.json	DEBUG	Save changes
1478590522339	DeferredSave.addons.json	DEBUG	Starting timer
1478590522382	addons.manager	DEBUG	Starting provider: PreviousExperimentProvider
1478590522383	addons.manager	DEBUG	Registering shutdown blocker for PreviousExperimentProvider
1478590522384	addons.manager	DEBUG	Provider finished startup: PreviousExperimentProvider
1478590522386	DeferredSave.extensions.json	DEBUG	Write succeeded
1478590522388	addons.xpi-utils	DEBUG	XPI Database saved, setting schema version preference to 17
1478590522392	DeferredSave.addons.json	DEBUG	Starting write
1478590522417	DeferredSave.addons.json	DEBUG	Write succeeded
1478590530697	addons.xpi	DEBUG	Calling bootstrap method shutdown on e10srollout@mozilla.org version 1.3
1478590530698	addons.xpi	DEBUG	Calling bootstrap method shutdown on firefox@getpocket.com version 1.0.4
1478590530699	addons.xpi	DEBUG	Calling bootstrap method shutdown on webcompat@mozilla.org version 1.0
1478590531009	addons.manager	DEBUG	shutdown
1478590531009	addons.manager	DEBUG	Calling shutdown blocker for XPIProvider
1478590531009	addons.xpi	DEBUG	shutdown
1478590531009	addons.xpi-utils	DEBUG	shutdown
1478590531010	addons.manager	DEBUG	Calling shutdown blocker for LightweightThemeManager
1478590531011	addons.manager	DEBUG	Calling shutdown blocker for GMPProvider
1478590531014	addons.manager	DEBUG	Calling shutdown blocker for PluginProvider
1478590531015	addons.manager	DEBUG	Calling shutdown blocker for <unnamed-provider>
1478590531017	addons.manager	DEBUG	Calling shutdown blocker for PreviousExperimentProvider
1478590531020	addons.xpi	DEBUG	Notifying XPI shutdown observers
1478590531023	addons.manager	DEBUG	Async provider shutdown done

Build info: version: '2.53.1', revision: 'a36b8b1cd5757287168e54b817830adce9b0158d', time: '2016-06-30 19:26:09'
System info: host: 'DESKTOP-O4G2OQC', ip: '192.168.1.57', os.name: 'Windows 10', os.arch: 'amd64', os.version: '10.0', java.version: '1.8.0_101'
Driver info: driver.version: FirefoxDriver
	at org.openqa.selenium.firefox.internal.NewProfileExtensionConnection.start(NewProfileExtensionConnection.java:125)
	at org.openqa.selenium.firefox.FirefoxDriver.startClient(FirefoxDriver.java:271)
	at org.openqa.selenium.remote.RemoteWebDriver.<init>(RemoteWebDriver.java:119)
	at org.openqa.selenium.firefox.FirefoxDriver.<init>(FirefoxDriver.java:216)
	at org.openqa.selenium.firefox.FirefoxDriver.<init>(FirefoxDriver.java:211)
	at org.openqa.selenium.firefox.FirefoxDriver.<init>(FirefoxDriver.java:207)
	at org.openqa.selenium.firefox.FirefoxDriver.<init>(FirefoxDriver.java:120)
	at factory.BrowserFactory.getBrowser(BrowserFactory.java:20)
	at testcases.Data_Validation_Test1.setUp(Data_Validation_Test1.java:39)
	at sun.reflect.NativeMethodAccessorImpl.invoke0(Native Method)
	at sun.reflect.NativeMethodAccessorImpl.invoke(Unknown Source)
	at sun.reflect.DelegatingMethodAccessorImpl.invoke(Unknown Source)
	at java.lang.reflect.Method.invoke(Unknown Source)
	at org.testng.internal.MethodInvocationHelper.invokeMethod(MethodInvocationHelper.java:80)
	at org.testng.internal.Invoker.invokeConfigurationMethod(Invoker.java:564)
	at org.testng.internal.Invoker.invokeConfigurations(Invoker.java:213)
	at org.testng.internal.Invoker.invokeMethod(Invoker.java:653)
	at org.testng.internal.Invoker.invokeTestMethod(Invoker.java:901)
	at org.testng.internal.Invoker.invokeTestMethods(Invoker.java:1231)
	at org.testng.internal.TestMethodWorker.invokeTestMethods(TestMethodWorker.java:127)
	at org.testng.internal.TestMethodWorker.run(TestMethodWorker.java:111)
	at org.testng.TestRunner.privateRun(TestRunner.java:767)
	at org.testng.TestRunner.run(TestRunner.java:617)
	at org.testng.SuiteRunner.runTest(SuiteRunner.java:334)
	at org.testng.SuiteRunner.runSequentially(SuiteRunner.java:329)
	at org.testng.SuiteRunner.privateRun(SuiteRunner.java:291)
	at org.testng.SuiteRunner.run(SuiteRunner.java:240)
	at org.testng.SuiteRunnerWorker.runSuite(SuiteRunnerWorker.java:52)
	at org.testng.SuiteRunnerWorker.run(SuiteRunnerWorker.java:86)
	at org.testng.TestNG.runSuitesSequentially(TestNG.java:1198)
	at org.testng.TestNG.runSuitesLocally(TestNG.java:1123)
	at org.testng.TestNG.run(TestNG.java:1031)
	at org.testng.remote.AbstractRemoteTestNG.run(AbstractRemoteTestNG.java:132)
	at org.testng.remote.RemoteTestNG.initAndRun(RemoteTestNG.java:236)
	at org.testng.remote.RemoteTestNG.main(RemoteTestNG.java:81)
Caused by: org.openqa.selenium.firefox.NotConnectedException: Unable to connect to host 127.0.0.1 on port 7055 after 45000 ms. Firefox console output:
can of {972ce4c6-7e08-4474-a285-3208198ce6fd}
1478590520088	DeferredSave.extensions.json	DEBUG	Save changes
1478590520089	addons.xpi	DEBUG	Updating database with changes to installed add-ons
1478590520089	addons.xpi-utils	DEBUG	Updating add-on states
1478590520090	addons.xpi-utils	DEBUG	Writing add-ons list
1478590520094	addons.xpi	DEBUG	Registering manifest for C:\Program Files (x86)\Mozilla Firefox\browser\features\e10srollout@mozilla.org.xpi
1478590520095	addons.xpi	DEBUG	Calling bootstrap method startup on e10srollout@mozilla.org version 1.3
1478590520095	addons.xpi	DEBUG	Registering manifest for C:\Program Files (x86)\Mozilla Firefox\browser\features\firefox@getpocket.com.xpi
1478590520096	addons.xpi	DEBUG	Calling bootstrap method startup on firefox@getpocket.com version 1.0.4
1478590520097	addons.xpi	DEBUG	Registering manifest for C:\Program Files (x86)\Mozilla Firefox\browser\features\webcompat@mozilla.org.xpi
1478590520098	addons.xpi	DEBUG	Calling bootstrap method startup on webcompat@mozilla.org version 1.0
1478590520100	addons.manager	DEBUG	Registering shutdown blocker for XPIProvider
1478590520100	addons.manager	DEBUG	Provider finished startup: XPIProvider
1478590520100	addons.manager	DEBUG	Starting provider: LightweightThemeManager
1478590520100	addons.manager	DEBUG	Registering shutdown blocker for LightweightThemeManager
1478590520101	addons.manager	DEBUG	Provider finished startup: LightweightThemeManager
1478590520101	addons.manager	DEBUG	Starting provider: GMPProvider
1478590520109	addons.manager	DEBUG	Registering shutdown blocker for GMPProvider
1478590520109	addons.manager	DEBUG	Provider finished startup: GMPProvider
1478590520109	addons.manager	DEBUG	Starting provider: PluginProvider
1478590520110	addons.manager	DEBUG	Registering shutdown blocker for PluginProvider
1478590520110	addons.manager	DEBUG	Provider finished startup: PluginProvider
1478590520110	addons.manager	DEBUG	Completed startup sequence
1478590522106	DeferredSave.extensions.json	DEBUG	Starting write
1478590522117	addons.manager	DEBUG	Starting provider: <unnamed-provider>
1478590522118	addons.manager	DEBUG	Registering shutdown blocker for <unnamed-provider>
1478590522118	addons.manager	DEBUG	Provider finished startup: <unnamed-provider>
1478590522334	addons.repository	DEBUG	No addons.json found.
1478590522334	DeferredSave.addons.json	DEBUG	Save changes
1478590522339	DeferredSave.addons.json	DEBUG	Starting timer
1478590522382	addons.manager	DEBUG	Starting provider: PreviousExperimentProvider
1478590522383	addons.manager	DEBUG	Registering shutdown blocker for PreviousExperimentProvider
1478590522384	addons.manager	DEBUG	Provider finished startup: PreviousExperimentProvider
1478590522386	DeferredSave.extensions.json	DEBUG	Write succeeded
1478590522388	addons.xpi-utils	DEBUG	XPI Database saved, setting schema version preference to 17
1478590522392	DeferredSave.addons.json	DEBUG	Starting write
1478590522417	DeferredSave.addons.json	DEBUG	Write succeeded
1478590530697	addons.xpi	DEBUG	Calling bootstrap method shutdown on e10srollout@mozilla.org version 1.3
1478590530698	addons.xpi	DEBUG	Calling bootstrap method shutdown on firefox@getpocket.com version 1.0.4
1478590530699	addons.xpi	DEBUG	Calling bootstrap method shutdown on webcompat@mozilla.org version 1.0
1478590531009	addons.manager	DEBUG	shutdown
1478590531009	addons.manager	DEBUG	Calling shutdown blocker for XPIProvider
1478590531009	addons.xpi	DEBUG	shutdown
1478590531009	addons.xpi-utils	DEBUG	shutdown
1478590531010	addons.manager	DEBUG	Calling shutdown blocker for LightweightThemeManager
1478590531011	addons.manager	DEBUG	Calling shutdown blocker for GMPProvider
1478590531014	addons.manager	DEBUG	Calling shutdown blocker for PluginProvider
1478590531015	addons.manager	DEBUG	Calling shutdown blocker for <unnamed-provider>
1478590531017	addons.manager	DEBUG	Calling shutdown blocker for PreviousExperimentProvider
1478590531020	addons.xpi	DEBUG	Notifying XPI shutdown observers
1478590531023	addons.manager	DEBUG	Async provider shutdown done

	at org.openqa.selenium.firefox.internal.NewProfileExtensionConnection.start(NewProfileExtensionConnection.java:113)
	... 34 more
]]>
    </failure>
  </testcase> <!-- testDataValidation -->
</testsuite> <!-- testcases.Data_Validation_Test1 -->
