<?xml version="1.0" encoding="UTF-8"?>
<!-- Generated by org.testng.reporters.JUnitReportReporter -->
<testsuite hostname="DESKTOP-O4G2OQC" name="testcases.VerifyLoginPage" tests="1" failures="0" timestamp="31 Oct 2016 10:05:10 GMT" time="29.486" errors="0">
  <testcase name="testHomePage" time="29.486" classname="testcases.VerifyLoginPage"/>
</testsuite> <!-- testcases.VerifyLoginPage -->
