<?xml version="1.0" encoding="UTF-8"?>
<!-- Generated by org.testng.reporters.JUnitReportReporter -->
<testsuite hostname="DESKTOP-O4G2OQC" name="testcases.VerifyHomePage" tests="1" failures="0" timestamp="30 Oct 2016 17:08:36 GMT" time="15.461" errors="0">
  <testcase name="testHomePage" time="15.461" classname="testcases.VerifyHomePage"/>
</testsuite> <!-- testcases.VerifyHomePage -->
