<?xml version="1.0" encoding="UTF-8"?>
<!-- Generated by org.testng.reporters.JUnitReportReporter -->
<testsuite hostname="DESKTOP-O4G2OQC" name="testcases.LoanAmountValidation_Test2" tests="1" failures="0" timestamp="7 Nov 2016 07:11:22 GMT" time="44.570" errors="0">
  <testcase name="testLoanAmountValidation" time="44.570" classname="testcases.LoanAmountValidation_Test2"/>
</testsuite> <!-- testcases.LoanAmountValidation_Test2 -->
