<?xml version="1.0" encoding="UTF-8"?>
<!-- Generated by org.testng.reporters.JUnitReportReporter -->
<testsuite hostname="DESKTOP-O4G2OQC" name="testcases.LoanAmountValidation_Test2" tests="1" failures="0" timestamp="6 Nov 2016 12:08:33 GMT" time="39.783" errors="0">
  <testcase name="testLoanAmountValidation" time="39.783" classname="testcases.LoanAmountValidation_Test2"/>
</testsuite> <!-- testcases.LoanAmountValidation_Test2 -->
