<?xml version="1.0" encoding="UTF-8"?>
<!-- Generated by org.testng.reporters.JUnitReportReporter -->
<testsuite hostname="DESKTOP-O4G2OQC" name="testcases.Data_Validation_Test1" tests="1" failures="0" timestamp="18 Nov 2016 07:25:13 GMT" time="18.176" errors="0">
  <testcase name="testDataValidation" time="18.176" classname="testcases.Data_Validation_Test1"/>
</testsuite> <!-- testcases.Data_Validation_Test1 -->
