<?xml version="1.0" encoding="UTF-8"?>
<!-- Generated by org.testng.reporters.JUnitReportReporter -->
<testsuite hostname="DESKTOP-O4G2OQC" name="testcases.LoanRepayCompare_Test3" tests="1" failures="0" timestamp="18 Nov 2016 07:08:13 GMT" time="22.921" errors="0">
  <testcase name="testLoanAmountValidation" time="22.921" classname="testcases.LoanRepayCompare_Test3"/>
</testsuite> <!-- testcases.LoanRepayCompare_Test3 -->
